# JRE version: Java(TM) SE Runtime Environment (8.0_144-b01) (build 1.8.0_144-b01)
# Java VM: Java HotSpot(TM) 64-Bit Server VM (25.144-b01 mixed mode windows-amd64 compressed oops)
Heap:
 PSYoungGen      total 221184K, used 102381K [0x00000000e0000000, 0x00000000f0880000, 0x0000000100000000)
  eden space 197632K, 39% used [0x00000000e0000000,0x00000000e4cffc30,0x00000000ec100000)
  from space 23552K, 99% used [0x00000000edf00000,0x00000000ef5fbb18,0x00000000ef600000)
  to   space 30720K, 0% used [0x00000000ec100000,0x00000000ec100000,0x00000000edf00000)
 ParOldGen       total 145920K, used 52043K [0x00000000a0000000, 0x00000000a8e80000, 0x00000000e0000000)
  object space 145920K, 35% used [0x00000000a0000000,0x00000000a32d2cc0,0x00000000a8e80000)
 Metaspace       used 64016K, capacity 66970K, committed 67288K, reserved 1107968K
  class space    used 8567K, capacity 9101K, committed 9176K, reserved 1048576K
GC Heap History (10 events):
Event: 22.219 GC heap before
{Heap before GC invocations=17 (full 3):
 PSYoungGen      total 172544K, used 16302K [0x00000000e0000000, 0x00000000ec200000, 0x0000000100000000)
  eden space 151552K, 0% used [0x00000000e0000000,0x00000000e0000000,0x00000000e9400000)
  from space 20992K, 77% used [0x00000000ead80000,0x00000000ebd6b880,0x00000000ec200000)
  to   space 23552K, 0% used [0x00000000e9400000,0x00000000e9400000,0x00000000eab00000)
 ParOldGen       total 92672K, used 35958K [0x00000000a0000000, 0x00000000a5a80000, 0x00000000e0000000)
  object space 92672K, 38% used [0x00000000a0000000,0x00000000a231d8b0,0x00000000a5a80000)
 Metaspace       used 56682K, capacity 58900K, committed 58968K, reserved 1099776K
  class space    used 7799K, capacity 8247K, committed 8280K, reserved 1048576K
Event: 22.515 GC heap after
Heap after GC invocations=17 (full 3):
 PSYoungGen      total 172544K, used 0K [0x00000000e0000000, 0x00000000ec200000, 0x0000000100000000)
  eden space 151552K, 0% used [0x00000000e0000000,0x00000000e0000000,0x00000000e9400000)
  from space 20992K, 0% used [0x00000000ead80000,0x00000000ead80000,0x00000000ec200000)
  to   space 23552K, 0% used [0x00000000e9400000,0x00000000e9400000,0x00000000eab00000)
 ParOldGen       total 145920K, used 41403K [0x00000000a0000000, 0x00000000a8e80000, 0x00000000e0000000)
  object space 145920K, 28% used [0x00000000a0000000,0x00000000a286ef58,0x00000000a8e80000)
 Metaspace       used 56682K, capacity 58900K, committed 58968K, reserved 1099776K
  class space    used 7799K, capacity 8247K, committed 8280K, reserved 1048576K
}
Event: 30.341 GC heap before
{Heap before GC invocations=18 (full 3):
 PSYoungGen      total 172544K, used 151552K [0x00000000e0000000, 0x00000000ec200000, 0x0000000100000000)
  eden space 151552K, 100% used [0x00000000e0000000,0x00000000e9400000,0x00000000e9400000)
  from space 20992K, 0% used [0x00000000ead80000,0x00000000ead80000,0x00000000ec200000)
  to   space 23552K, 0% used [0x00000000e9400000,0x00000000e9400000,0x00000000eab00000)
 ParOldGen       total 145920K, used 41403K [0x00000000a0000000, 0x00000000a8e80000, 0x00000000e0000000)
  object space 145920K, 28% used [0x00000000a0000000,0x00000000a286ef58,0x00000000a8e80000)
 Metaspace       used 60819K, capacity 63164K, committed 63320K, reserved 1103872K
  class space    used 8288K, capacity 8779K, committed 8792K, reserved 1048576K
Event: 30.352 GC heap after
Heap after GC invocations=18 (full 3):
 PSYoungGen      total 175104K, used 7521K [0x00000000e0000000, 0x00000000ee580000, 0x0000000100000000)
  eden space 151552K, 0% used [0x00000000e0000000,0x00000000e0000000,0x00000000e9400000)
  from space 23552K, 31% used [0x00000000e9400000,0x00000000e9b587c8,0x00000000eab00000)
  to   space 23040K, 0% used [0x00000000ecf00000,0x00000000ecf00000,0x00000000ee580000)
 ParOldGen       total 145920K, used 41411K [0x00000000a0000000, 0x00000000a8e80000, 0x00000000e0000000)
  object space 145920K, 28% used [0x00000000a0000000,0x00000000a2870f58,0x00000000a8e80000)
 Metaspace       used 60819K, capacity 63164K, committed 63320K, reserved 1103872K
  class space    used 8288K, capacity 8779K, committed 8792K, reserved 1048576K
}
Event: 104.670 GC heap before
{Heap before GC invocations=19 (full 3):
 PSYoungGen      total 175104K, used 159073K [0x00000000e0000000, 0x00000000ee580000, 0x0000000100000000)
  eden space 151552K, 100% used [0x00000000e0000000,0x00000000e9400000,0x00000000e9400000)
  from space 23552K, 31% used [0x00000000e9400000,0x00000000e9b587c8,0x00000000eab00000)
  to   space 23040K, 0% used [0x00000000ecf00000,0x00000000ecf00000,0x00000000ee580000)
 ParOldGen       total 145920K, used 41411K [0x00000000a0000000, 0x00000000a8e80000, 0x00000000e0000000)
  object space 145920K, 28% used [0x00000000a0000000,0x00000000a2870f58,0x00000000a8e80000)
 Metaspace       used 61880K, capacity 64604K, committed 64728K, reserved 1105920K
  class space    used 8363K, capacity 8870K, committed 8920K, reserved 1048576K
Event: 104.691 GC heap after
Heap after GC invocations=19 (full 3):
 PSYoungGen      total 198656K, used 6976K [0x00000000e0000000, 0x00000000ede80000, 0x0000000100000000)
  eden space 182784K, 0% used [0x00000000e0000000,0x00000000e0000000,0x00000000eb280000)
  from space 15872K, 43% used [0x00000000ecf00000,0x00000000ed5d0040,0x00000000ede80000)
  to   space 22528K, 0% used [0x00000000eb280000,0x00000000eb280000,0x00000000ec880000)
 ParOldGen       total 145920K, used 41419K [0x00000000a0000000, 0x00000000a8e80000, 0x00000000e0000000)
  object space 145920K, 28% used [0x00000000a0000000,0x00000000a2872f58,0x00000000a8e80000)
 Metaspace       used 61880K, capacity 64604K, committed 64728K, reserved 1105920K
  class space    used 8363K, capacity 8870K, committed 8920K, reserved 1048576K
}
Event: 115.173 GC heap before
{Heap before GC invocations=20 (full 3):
 PSYoungGen      total 198656K, used 189760K [0x00000000e0000000, 0x00000000ede80000, 0x0000000100000000)
  eden space 182784K, 100% used [0x00000000e0000000,0x00000000eb280000,0x00000000eb280000)
  from space 15872K, 43% used [0x00000000ecf00000,0x00000000ed5d0040,0x00000000ede80000)
  to   space 22528K, 0% used [0x00000000eb280000,0x00000000eb280000,0x00000000ec880000)
 ParOldGen       total 145920K, used 41419K [0x00000000a0000000, 0x00000000a8e80000, 0x00000000e0000000)
  object space 145920K, 28% used [0x00000000a0000000,0x00000000a2872f58,0x00000000a8e80000)
 Metaspace       used 63414K, capacity 66242K, committed 66392K, reserved 1105920K
  class space    used 8491K, capacity 9025K, committed 9048K, reserved 1048576K
Event: 115.206 GC heap after
Heap after GC invocations=20 (full 3):
 PSYoungGen      total 205312K, used 15917K [0x00000000e0000000, 0x00000000ef600000, 0x0000000100000000)
  eden space 182784K, 0% used [0x00000000e0000000,0x00000000e0000000,0x00000000eb280000)
  from space 22528K, 70% used [0x00000000eb280000,0x00000000ec20b460,0x00000000ec880000)
  to   space 23552K, 0% used [0x00000000edf00000,0x00000000edf00000,0x00000000ef600000)
 ParOldGen       total 145920K, used 41427K [0x00000000a0000000, 0x00000000a8e80000, 0x00000000e0000000)
  object space 145920K, 28% used [0x00000000a0000000,0x00000000a2874f58,0x00000000a8e80000)
 Metaspace       used 63414K, capacity 66242K, committed 66392K, reserved 1105920K
  class space    used 8491K, capacity 9025K, committed 9048K, reserved 1048576K
}
Event: 117.405 GC heap before
{Heap before GC invocations=21 (full 3):
 PSYoungGen      total 205312K, used 198701K [0x00000000e0000000, 0x00000000ef600000, 0x0000000100000000)
  eden space 182784K, 100% used [0x00000000e0000000,0x00000000eb280000,0x00000000eb280000)
  from space 22528K, 70% used [0x00000000eb280000,0x00000000ec20b460,0x00000000ec880000)
  to   space 23552K, 0% used [0x00000000edf00000,0x00000000edf00000,0x00000000ef600000)
 ParOldGen       total 145920K, used 41427K [0x00000000a0000000, 0x00000000a8e80000, 0x00000000e0000000)
  object space 145920K, 28% used [0x00000000a0000000,0x00000000a2874f58,0x00000000a8e80000)
 Metaspace       used 63420K, capacity 66242K, committed 66392K, reserved 1105920K
  class space    used 8491K, capacity 9025K, committed 9048K, reserved 1048576K
Event: 117.444 GC heap after
Heap after GC invocations=21 (full 3):
 PSYoungGen      total 221184K, used 23534K [0x00000000e0000000, 0x00000000f0880000, 0x0000000100000000)
  eden space 197632K, 0% used [0x00000000e0000000,0x00000000e0000000,0x00000000ec100000)
  from space 23552K, 99% used [0x00000000edf00000,0x00000000ef5fbb18,0x00000000ef600000)
  to   space 30720K, 0% used [0x00000000ec100000,0x00000000ec100000,0x00000000edf00000)
 ParOldGen       total 145920K, used 52043K [0x00000000a0000000, 0x00000000a8e80000, 0x00000000e0000000)
  object space 145920K, 35% used [0x00000000a0000000,0x00000000a32d2cc0,0x00000000a8e80000)
 Metaspace       used 63420K, capacity 66242K, committed 66392K, reserved 1105920K
  class space    used 8491K, capacity 9025K, committed 9048K, reserved 1048576K
}

